==32669== Memcheck, a memory error detector
==32669== Copyright (C) 2002-2024, and GNU GPL'd, by Julian Seward et al.
==32669== Using Valgrind-3.25.1-4441567fbe-20250520 and LibVEX; rerun with -h for copyright info
==32669== Command: /etc/profiles/per-user/aragao/bin/Hyprland
==32669== Parent PID: 32336
==32669== 
--32669-- 
--32669-- Valgrind options:
--32669--    --tool=memcheck
--32669--    --leak-check=full
--32669--    --show-leak-kinds=all
--32669--    --track-origins=yes
--32669--    --verbose
--32669--    --num-callers=50
--32669--    --keep-stacktraces=alloc-and-free
--32669--    --freelist-vol=20000000
--32669--    --freelist-big-blocks=1000000
--32669--    --error-limit=no
--32669--    --gen-suppressions=all
--32669--    --log-file=/home/aragao/projects/personal/nix/hyprland_valgrind_20250905_190031.log
--32669-- Contents of /proc/version:
--32669--   Linux version 5.15.190 (nixbld@localhost) (gcc (GCC) 14.3.0, GNU ld (GNU Binutils) 2.44) #1-NixOS SMP Thu Aug 28 14:24:39 UTC 2025
--32669-- 
--32669-- Arch and hwcaps: ARM64, LittleEndian, v8-fhm-dpbcvadp-sha3-rdm-atomics-fp16-vfp16
--32669-- Page sizes: currently 4096, max supported 65536
--32669-- Valgrind library directory: /nix/store/lwyvrqsx42bj7c3jasr0zlrs6r4p20hm-valgrind-3.25.1/libexec/valgrind
--32669-- Reading syms from /nix/store/5z7w1hywa0i56d4a90fs77dj6im21jkf-bash-5.3p3/bin/bash
--32669-- Reading syms from /nix/store/2hcy8bvfswxsvsxq5s9bwibhivs25aif-glibc-2.40-66/lib/ld-linux-aarch64.so.1
--32669-- Reading syms from /nix/store/lwyvrqsx42bj7c3jasr0zlrs6r4p20hm-valgrind-3.25.1/libexec/valgrind/memcheck-arm64-linux
--32669--    object doesn't have a dynamic symbol table
--32669-- Scheduler: using generic scheduler lock implementation.
--32669-- Reading suppressions file: /nix/store/lwyvrqsx42bj7c3jasr0zlrs6r4p20hm-valgrind-3.25.1/libexec/valgrind/default.supp
==32669== embedded gdbserver: reading from /tmp/vgdb-pipe-from-vgdb-to-32669-by-aragao-on-???
==32669== embedded gdbserver: writing to   /tmp/vgdb-pipe-to-vgdb-from-32669-by-aragao-on-???
==32669== embedded gdbserver: shared mem   /tmp/vgdb-pipe-shared-mem-vgdb-32669-by-aragao-on-???
==32669== 
==32669== TO CONTROL THIS PROCESS USING vgdb (which you probably
==32669== don't want to do, unless you know exactly what you're doing,
==32669== or are doing some strange experiment):
==32669==   /nix/store/lwyvrqsx42bj7c3jasr0zlrs6r4p20hm-valgrind-3.25.1/libexec/valgrind/../../bin/vgdb --pid=32669 ...command...
==32669== 
==32669== TO DEBUG THIS PROCESS USING GDB: start GDB like this
==32669==   /path/to/gdb /etc/profiles/per-user/aragao/bin/Hyprland
==32669== and then give GDB the following command
==32669==   target remote | /nix/store/lwyvrqsx42bj7c3jasr0zlrs6r4p20hm-valgrind-3.25.1/libexec/valgrind/../../bin/vgdb --pid=32669
==32669== --pid is optional if only one valgrind process is running
==32669== 
--32669-- REDIR: 0x401f480 (ld-linux-aarch64.so.1:strlen) redirected to 0x580cab8c (vgPlain_arm64_linux_REDIR_FOR_strlen)
--32669-- REDIR: 0x401ea00 (ld-linux-aarch64.so.1:strcmp) redirected to 0x580cabe0 (vgPlain_arm64_linux_REDIR_FOR_strcmp)
--32669-- REDIR: 0x401e940 (ld-linux-aarch64.so.1:index) redirected to 0x580cabb4 (vgPlain_arm64_linux_REDIR_FOR_index)
--32669-- Reading syms from /nix/store/lwyvrqsx42bj7c3jasr0zlrs6r4p20hm-valgrind-3.25.1/libexec/valgrind/vgpreload_core-arm64-linux.so
--32669-- Reading syms from /nix/store/lwyvrqsx42bj7c3jasr0zlrs6r4p20hm-valgrind-3.25.1/libexec/valgrind/vgpreload_memcheck-arm64-linux.so
--32669-- Reading syms from /nix/store/2hcy8bvfswxsvsxq5s9bwibhivs25aif-glibc-2.40-66/lib/libdl.so.2
--32669-- Reading syms from /nix/store/2hcy8bvfswxsvsxq5s9bwibhivs25aif-glibc-2.40-66/lib/libc.so.6
--32669-- REDIR: 0x4996aa0 (libc.so.6:memchr) redirected to 0x48507a4 (_vgnU_ifunc_wrapper)
--32669-- REDIR: 0x499ab20 (libc.so.6:strlen) redirected to 0x48507a4 (_vgnU_ifunc_wrapper)
--32669-- REDIR: 0x4996ce0 (libc.so.6:memcpy) redirected to 0x48507a4 (_vgnU_ifunc_wrapper)
--32669-- REDIR: 0x4997560 (libc.so.6:memmove) redirected to 0x48507a4 (_vgnU_ifunc_wrapper)
--32669-- REDIR: 0x4997780 (libc.so.6:memset) redirected to 0x48507a4 (_vgnU_ifunc_wrapper)
--32669-- REDIR: 0x499b180 (libc.so.6:rindex) redirected to 0x488efa8 (rindex)
--32669-- REDIR: 0x4998840 (libc.so.6:strcmp) redirected to 0x48915b0 (strcmp)
--32669-- REDIR: 0x49a03c0 (libc.so.6:__GI_strlen) redirected to 0x488faf0 (__GI_strlen)
--32669-- REDIR: 0x499ada4 (libc.so.6:strncmp) redirected to 0x48907e0 (strncmp)
--32669-- REDIR: 0x49986c0 (libc.so.6:index) redirected to 0x488f2a0 (index)
--32669-- REDIR: 0x499e200 (libc.so.6:__GI_memchr) redirected to 0x489184c (__GI_memchr)
--32669-- REDIR: 0x4998780 (libc.so.6:strchrnul) redirected to 0x48958f0 (strchrnul)
--32669-- REDIR: 0x49924c0 (libc.so.6:malloc) redirected to 0x4885cb4 (malloc)
--32669-- REDIR: 0x499e780 (libc.so.6:__GI_memcpy) redirected to 0x4892540 (__GI_memcpy)
--32669-- REDIR: 0x4992be0 (libc.so.6:free) redirected to 0x4889148 (free)
--32669-- REDIR: 0x49ff220 (libc.so.6:__memcpy_chk) redirected to 0x4896280 (__memcpy_chk)
--32669-- REDIR: 0x49a0280 (libc.so.6:__strlen_asimd) redirected to 0x488faa0 (strlen)
--32669-- REDIR: 0x4999840 (libc.so.6:strcpy) redirected to 0x488fcd0 (strcpy)
--32669-- REDIR: 0x499362c (libc.so.6:calloc) redirected to 0x488d57c (calloc)
--32669-- REDIR: 0x499b460 (libc.so.6:strspn) redirected to 0x4896840 (strspn)
--32669-- REDIR: 0x4999980 (libc.so.6:strcspn) redirected to 0x48966e0 (strcspn)
--32669-- REDIR: 0x49979c0 (libc.so.6:stpcpy) redirected to 0x4894340 (stpcpy)
--32669-- REDIR: 0x499baa4 (libc.so.6:strstr) redirected to 0x48963c0 (strstr)
--32669-- REDIR: 0x499b080 (libc.so.6:strnlen) redirected to 0x488fa00 (strnlen)
--32669-- REDIR: 0x49a0140 (libc.so.6:__memset_zva64) redirected to 0x4894c24 (memset)
--32669-- REDIR: 0x49ffc00 (libc.so.6:__strcpy_chk) redirected to 0x48959a0 (__strcpy_chk)
--32669-- REDIR: 0x4992ea8 (libc.so.6:realloc) redirected to 0x488d7dc (realloc)
--32669-- REDIR: 0x4997c40 (libc.so.6:strcasecmp_l) redirected to 0x4890fe0 (strcasecmp_l)
--32669-- REDIR: 0x49a3880 (libc.so.6:wcslen) redirected to 0x4896a60 (wcslen)
--32669-- REDIR: 0x49a4320 (libc.so.6:wcsnlen) redirected to 0x4896ab0 (wcsnlen)
--32669-- REDIR: 0x499b140 (libc.so.6:strpbrk) redirected to 0x4896668 (strpbrk)
