==38566== Memcheck, a memory error detector
==38566== Copyright (C) 2002-2024, and GNU GPL'd, by Julian Seward et al.
==38566== Using Valgrind-3.25.1-4441567fbe-20250520 and LibVEX; rerun with -h for copyright info
==38566== Command: /etc/profiles/per-user/aragao/bin/Hyprland
==38566== Parent PID: 32336
==38566== 
--38566-- 
--38566-- Valgrind options:
--38566--    --tool=memcheck
--38566--    --leak-check=full
--38566--    --show-leak-kinds=all
--38566--    --track-origins=yes
--38566--    --verbose
--38566--    --num-callers=50
--38566--    --keep-stacktraces=alloc-and-free
--38566--    --freelist-vol=20000000
--38566--    --freelist-big-blocks=1000000
--38566--    --error-limit=no
--38566--    --gen-suppressions=all
--38566--    --log-file=/home/aragao/projects/personal/nix/hyprland_memcheck_20250905_190908.log
--38566-- Contents of /proc/version:
--38566--   Linux version 5.15.190 (nixbld@localhost) (gcc (GCC) 14.3.0, GNU ld (GNU Binutils) 2.44) #1-NixOS SMP Thu Aug 28 14:24:39 UTC 2025
--38566-- 
--38566-- Arch and hwcaps: ARM64, LittleEndian, v8-fhm-dpbcvadp-sha3-rdm-atomics-fp16-vfp16
--38566-- Page sizes: currently 4096, max supported 65536
--38566-- Valgrind library directory: /nix/store/lwyvrqsx42bj7c3jasr0zlrs6r4p20hm-valgrind-3.25.1/libexec/valgrind
--38566-- Reading syms from /nix/store/5z7w1hywa0i56d4a90fs77dj6im21jkf-bash-5.3p3/bin/bash
--38566-- Reading syms from /nix/store/2hcy8bvfswxsvsxq5s9bwibhivs25aif-glibc-2.40-66/lib/ld-linux-aarch64.so.1
--38566-- Reading syms from /nix/store/lwyvrqsx42bj7c3jasr0zlrs6r4p20hm-valgrind-3.25.1/libexec/valgrind/memcheck-arm64-linux
--38566--    object doesn't have a dynamic symbol table
--38566-- Scheduler: using generic scheduler lock implementation.
--38566-- Reading suppressions file: /nix/store/lwyvrqsx42bj7c3jasr0zlrs6r4p20hm-valgrind-3.25.1/libexec/valgrind/default.supp
==38566== embedded gdbserver: reading from /tmp/vgdb-pipe-from-vgdb-to-38566-by-aragao-on-???
==38566== embedded gdbserver: writing to   /tmp/vgdb-pipe-to-vgdb-from-38566-by-aragao-on-???
==38566== embedded gdbserver: shared mem   /tmp/vgdb-pipe-shared-mem-vgdb-38566-by-aragao-on-???
==38566== 
==38566== TO CONTROL THIS PROCESS USING vgdb (which you probably
==38566== don't want to do, unless you know exactly what you're doing,
==38566== or are doing some strange experiment):
==38566==   /nix/store/lwyvrqsx42bj7c3jasr0zlrs6r4p20hm-valgrind-3.25.1/libexec/valgrind/../../bin/vgdb --pid=38566 ...command...
==38566== 
==38566== TO DEBUG THIS PROCESS USING GDB: start GDB like this
==38566==   /path/to/gdb /etc/profiles/per-user/aragao/bin/Hyprland
==38566== and then give GDB the following command
==38566==   target remote | /nix/store/lwyvrqsx42bj7c3jasr0zlrs6r4p20hm-valgrind-3.25.1/libexec/valgrind/../../bin/vgdb --pid=38566
==38566== --pid is optional if only one valgrind process is running
==38566== 
--38566-- REDIR: 0x401f480 (ld-linux-aarch64.so.1:strlen) redirected to 0x580cab8c (vgPlain_arm64_linux_REDIR_FOR_strlen)
--38566-- REDIR: 0x401ea00 (ld-linux-aarch64.so.1:strcmp) redirected to 0x580cabe0 (vgPlain_arm64_linux_REDIR_FOR_strcmp)
--38566-- REDIR: 0x401e940 (ld-linux-aarch64.so.1:index) redirected to 0x580cabb4 (vgPlain_arm64_linux_REDIR_FOR_index)
--38566-- Reading syms from /nix/store/lwyvrqsx42bj7c3jasr0zlrs6r4p20hm-valgrind-3.25.1/libexec/valgrind/vgpreload_core-arm64-linux.so
--38566-- Reading syms from /nix/store/lwyvrqsx42bj7c3jasr0zlrs6r4p20hm-valgrind-3.25.1/libexec/valgrind/vgpreload_memcheck-arm64-linux.so
--38566-- Reading syms from /nix/store/2hcy8bvfswxsvsxq5s9bwibhivs25aif-glibc-2.40-66/lib/libdl.so.2
--38566-- Reading syms from /nix/store/2hcy8bvfswxsvsxq5s9bwibhivs25aif-glibc-2.40-66/lib/libc.so.6
--38566-- REDIR: 0x4996aa0 (libc.so.6:memchr) redirected to 0x48507a4 (_vgnU_ifunc_wrapper)
--38566-- REDIR: 0x499ab20 (libc.so.6:strlen) redirected to 0x48507a4 (_vgnU_ifunc_wrapper)
--38566-- REDIR: 0x4996ce0 (libc.so.6:memcpy) redirected to 0x48507a4 (_vgnU_ifunc_wrapper)
--38566-- REDIR: 0x4997560 (libc.so.6:memmove) redirected to 0x48507a4 (_vgnU_ifunc_wrapper)
--38566-- REDIR: 0x4997780 (libc.so.6:memset) redirected to 0x48507a4 (_vgnU_ifunc_wrapper)
--38566-- REDIR: 0x499b180 (libc.so.6:rindex) redirected to 0x488efa8 (rindex)
--38566-- REDIR: 0x4998840 (libc.so.6:strcmp) redirected to 0x48915b0 (strcmp)
--38566-- REDIR: 0x49a03c0 (libc.so.6:__GI_strlen) redirected to 0x488faf0 (__GI_strlen)
--38566-- REDIR: 0x499ada4 (libc.so.6:strncmp) redirected to 0x48907e0 (strncmp)
--38566-- REDIR: 0x49986c0 (libc.so.6:index) redirected to 0x488f2a0 (index)
--38566-- REDIR: 0x499e200 (libc.so.6:__GI_memchr) redirected to 0x489184c (__GI_memchr)
--38566-- REDIR: 0x4998780 (libc.so.6:strchrnul) redirected to 0x48958f0 (strchrnul)
--38566-- REDIR: 0x49924c0 (libc.so.6:malloc) redirected to 0x4885cb4 (malloc)
--38566-- REDIR: 0x499e780 (libc.so.6:__GI_memcpy) redirected to 0x4892540 (__GI_memcpy)
--38566-- REDIR: 0x4992be0 (libc.so.6:free) redirected to 0x4889148 (free)
--38566-- REDIR: 0x49ff220 (libc.so.6:__memcpy_chk) redirected to 0x4896280 (__memcpy_chk)
--38566-- REDIR: 0x49a0280 (libc.so.6:__strlen_asimd) redirected to 0x488faa0 (strlen)
--38566-- REDIR: 0x4999840 (libc.so.6:strcpy) redirected to 0x488fcd0 (strcpy)
--38566-- REDIR: 0x499362c (libc.so.6:calloc) redirected to 0x488d57c (calloc)
--38566-- REDIR: 0x499b460 (libc.so.6:strspn) redirected to 0x4896840 (strspn)
--38566-- REDIR: 0x4999980 (libc.so.6:strcspn) redirected to 0x48966e0 (strcspn)
--38566-- REDIR: 0x49979c0 (libc.so.6:stpcpy) redirected to 0x4894340 (stpcpy)
--38566-- REDIR: 0x499baa4 (libc.so.6:strstr) redirected to 0x48963c0 (strstr)
--38566-- REDIR: 0x499b080 (libc.so.6:strnlen) redirected to 0x488fa00 (strnlen)
--38566-- REDIR: 0x49a0140 (libc.so.6:__memset_zva64) redirected to 0x4894c24 (memset)
--38566-- REDIR: 0x49ffc00 (libc.so.6:__strcpy_chk) redirected to 0x48959a0 (__strcpy_chk)
--38566-- REDIR: 0x4992ea8 (libc.so.6:realloc) redirected to 0x488d7dc (realloc)
--38566-- REDIR: 0x4997c40 (libc.so.6:strcasecmp_l) redirected to 0x4890fe0 (strcasecmp_l)
--38566-- REDIR: 0x49a3880 (libc.so.6:wcslen) redirected to 0x4896a60 (wcslen)
--38566-- REDIR: 0x49a4320 (libc.so.6:wcsnlen) redirected to 0x4896ab0 (wcsnlen)
--38566-- REDIR: 0x499b140 (libc.so.6:strpbrk) redirected to 0x4896668 (strpbrk)
